<?xml version="1.0" encoding="UTF-8"?>
<!-- Generated by org.testng.reporters.JUnitReportReporter -->
<testsuite hostname="DESKTOP-JJUAQ9I" failures="0" tests="3" name="commonMethods.Testcases" time="427.097" errors="0" timestamp="2024-02-01T13:49:41 IST" skipped="0">
  <testcase classname="commonMethods.Testcases" name="ContactValidation" time="137.962"/>
  <system-out>
    <![CDATA[STEP64
STEP65
STEP66
STEP67
STEP68
STEP69
STEP70
STEP71
STEP72
STEP73
STEP74
STEP75
STEP76
STEP77
STEP78
STEP79
STEP80
STEP81
STEP82
STEP83
STEP84
STEP85
STEP86
STEP87
STEP88
STEP89
STEP90
STEP91
STEP92
STEP93
STEP94
STEP95
STEP96
STEP97
STEP98
STEP99
STEP100
STEP101
STEP102
STEP103
STEP104
STEP105
STEP106
STEP107
STEP108
STEP109
STEP110
STEP111
STEP112
STEP113
STEP114
STEP115
STEP116
STEP117
STEP118
STEP119
STEP120
STEP121
STEP122
STEP123
STEP124
STEP125
STEP126
STEP127
STEP128
STEP129
STEP130
STEP131
STEP132
STEP133
STEP134
STEP135
STEP136
STEP137
STEP138
STEP139
STEP140
STEP141
STEP142
STEP143
STEP144
STEP145
STEP146
STEP147
STEP148
STEP149
STEP150
STEP151
STEP152
STEP153
STEP154
STEP155
STEP156]]>
  </system-out>
  <testcase classname="commonMethods.Testcases" name="journeyFlow" time="101.699"/>
  <system-out>
    <![CDATA[STEP1
STEP2
STEP3
STEP4
STEP5
STEP6
STEP7
STEP8
STEP9
STEP10
STEP11
STEP12
STEP13
STEP14
STEP15
STEP16
STEP17
STEP18
STEP19
STEP20
STEP21
STEP22
STEP23
STEP24
STEP25
STEP26
STEP27
STEP28
STEP29
STEP30
STEP31
STEP32
STEP33
STEP34
STEP35
STEP36
STEP37
STEP38
STEP39
STEP40
STEP41
STEP42
STEP43
STEP44
STEP45
STEP46
STEP47
STEP48
STEP49
STEP50
STEP51
STEP52
STEP53
STEP54
STEP55
STEP56
STEP57
STEP58
STEP59
STEP60
STEP61
STEP62
STEP63]]>
  </system-out>
  <testcase classname="commonMethods.Testcases" name="TriggerFunction" time="187.436"/>
  <system-out>
    <![CDATA[STEP157
STEP158
STEP159
STEP160
STEP161
STEP162
STEP163
STEP164
STEP165
STEP166
STEP167
STEP168
STEP169
STEP170
STEP171
STEP172
STEP173
STEP174
STEP175
STEP176
STEP177
STEP178
STEP179
STEP180
STEP181
STEP182
STEP183
STEP184
STEP185
STEP186
STEP187
STEP188
STEP189
STEP190
STEP191
STEP192
STEP193
STEP194
STEP195
STEP196
STEP197
STEP198
STEP199
STEP200
STEP201
STEP202
STEP203
STEP204
STEP205
STEP206
STEP207
STEP208
STEP209
STEP210
STEP211
STEP212
STEP213
STEP214
STEP215
STEP216
STEP217
STEP218
STEP219
STEP220
STEP221
STEP222
STEP223
STEP224
STEP225
STEP226
STEP227
STEP228
STEP229
STEP230
STEP231
STEP232
STEP233
STEP234
STEP235
STEP236
STEP237
STEP238
STEP239
STEP240
STEP241
STEP242
STEP243
STEP244
STEP245
STEP246
STEP247
STEP248
STEP249
STEP250
STEP251
STEP252
STEP253
STEP254
STEP255
STEP256
STEP257
STEP258
STEP259
STEP260
STEP261
STEP262
STEP263
STEP264
STEP265
STEP266
STEP267
STEP268
STEP269
STEP270
STEP271
STEP272
STEP273
STEP274
STEP275
STEP276
STEP277
STEP278
STEP279
STEP280
STEP281
STEP282
STEP283
STEP284
STEP285
STEP286
STEP287
STEP288
STEP289]]>
  </system-out>
</testsuite> <!-- commonMethods.Testcases -->
